[REQ] 2025-12-10T09:23:45.550Z {"body":{"id":"AUTO_TEST_20251210172345391","username":"AUTO_TEST_20251210172345391","email":"AUTO_TEST_20251210172345391@example.com","role":"STUDENT"},"data":{"id":"AUTO_TEST_20251210172345391","username":"AUTO_TEST_20251210172345391","password":"$2b$10$Nh.XPZMfIeN7Nqcd7ii6H.5rPwYwO8s9EaVxwZArtSuesqFJ8tOhO","email":"AUTO_TEST_20251210172345391@example.com","role":"STUDENT"}}
[OK ] 2025-12-10T09:23:45.558Z {"userId":"AUTO_TEST_20251210172345391"}
[REQ] 2025-12-10T09:28:46.877Z {"body":{"id":"2235051227","username":"esfawf","email":"yp636402@126.com","role":"STUDENT"},"data":{"id":"2235051227","username":"esfawf","password":"$2b$10$5FRnb0V/sEXMZP2T6nbt8.1mPQmXyJ6.AAVfjz3FEPeJn0n/FiTSO","email":"yp636402@126.com","role":"STUDENT"}}
[OK ] 2025-12-10T09:28:46.897Z {"userId":"2235051227"}
[REQ] 2025-12-10T12:24:12.718Z {"body":{"id":"PG_TEST_20251210202412117","username":"PG_TEST_20251210202412117","email":"PG_TEST_20251210202412117@example.com","role":"STUDENT"},"data":{"id":"PG_TEST_20251210202412117","username":"PG_TEST_20251210202412117","password":"$2b$10$B5PbpU6Q6VJfhGK/osjgH.lryQSfUnpEXUIec8SurfrCnpBgAgrB6","email":"PG_TEST_20251210202412117@example.com","role":"STUDENT"}}
[OK ] 2025-12-10T12:24:12.723Z {"userId":"PG_TEST_20251210202412117"}
[REQ] 2025-12-10T12:59:15.243Z {"body":{"id":"PG_VERIFY_20251210205914975","username":"PG_VERIFY_20251210205914975","email":"PG_VERIFY_20251210205914975@example.com","role":"STUDENT"},"data":{"id":"PG_VERIFY_20251210205914975","username":"PG_VERIFY_20251210205914975","password":"$2b$10$ULCWc/Jj8IJqpzo55m0rluwdvdZDwGKgtLSz93H8UtKoZmNiN.xAa","email":"PG_VERIFY_20251210205914975@example.com","role":"STUDENT"}}
[OK ] 2025-12-10T12:59:15.250Z {"userId":"PG_VERIFY_20251210205914975"}
[REQ] 2025-12-10T13:01:00.360Z {"body":{"id":"PG_FLOW_20251210210100267","username":"PG_FLOW_20251210210100267","email":"PG_FLOW_20251210210100267@example.com","role":"STUDENT"},"data":{"id":"PG_FLOW_20251210210100267","username":"PG_FLOW_20251210210100267","password":"$2b$10$0e6ULKQ5VqVX7wS/Yjv8jeiUkgW1NYCkJfthRMGMdnThbVplhXPZW","email":"PG_FLOW_20251210210100267@example.com","role":"STUDENT"}}
[OK ] 2025-12-10T13:01:00.366Z {"userId":"PG_FLOW_20251210210100267"}
[REQ] 2025-12-10T13:08:17.311Z {"body":{"id":"2235051227","username":"Besokus","email":"2235051227@usst.edu","role":"STUDENT"},"data":{"id":"2235051227","username":"Besokus","password":"$2b$10$gL5m9mH2cqBAeTbcJBN4xOe8LkyomfMI1F/SdYKBS5Eqxb0k29KjO","email":"2235051227@usst.edu","role":"STUDENT"}}
[OK ] 2025-12-10T13:08:17.317Z {"userId":"2235051227"}
[REQ] 2025-12-10T13:11:56.503Z {"body":{"id":"PG_LOGIN_20251210211156345","username":"PG_LOGIN_20251210211156345","email":"PG_LOGIN_20251210211156345@example.com","role":"STUDENT"},"data":{"id":"PG_LOGIN_20251210211156345","username":"PG_LOGIN_20251210211156345","password":"$2b$10$FSoIRxWf79NPRm3XHXkjcOO1WeI5xJIgsIgxJoEmGeGIDssBT0bHG","email":"PG_LOGIN_20251210211156345@example.com","role":"STUDENT"}}
[OK ] 2025-12-10T13:11:56.508Z {"userId":"PG_LOGIN_20251210211156345"}
[REQ] 2025-12-10T14:52:16.033Z {"body":{"id":"FIX_FLOW_20251210225215760","username":"FIX_FLOW_20251210225215760","email":"FIX_FLOW_20251210225215760@example.com","role":"STUDENT"},"data":{"id":"FIX_FLOW_20251210225215760","username":"FIX_FLOW_20251210225215760","password":"$2b$10$tOe9NwVAOgqZ1OLeOX/JBOtUczNjujnkf9hEBiNENSID7F6Lf344e","email":"FIX_FLOW_20251210225215760@example.com","role":"STUDENT"}}
[OK ] 2025-12-10T14:52:16.043Z {"userId":"FIX_FLOW_20251210225215760"}
[REQ] 2025-12-10T14:57:33.789Z {"body":{"id":"2235051228","username":"小王","email":"yp636402@126.com","role":"STUDENT"},"data":{"id":"2235051228","username":"小王","password":"$2b$10$os197k5qRqmff7rCKk9HRuOWavdTlY8yLvxZomJE30FeiOk89eYBu","email":"yp636402@126.com","role":"STUDENT"}}
[OK ] 2025-12-10T14:57:33.802Z {"userId":"2235051228"}
[REQ] 2025-12-10T15:38:19.491Z {"body":{"id":"100006","username":"欧广宇","email":"ouguangyu@usst.com","role":"TEACHER"},"data":{"id":"100006","username":"欧广宇","fullName":"欧广宇","password":"$2b$10$oMVZyQBQFK5jEJ1Hu5Z.feW2fiD/HDc75M2IwqVJfO/UExi4/SW7O","email":"ouguangyu@usst.com","role":"TEACHER"}}
[OK ] 2025-12-10T15:38:19.509Z {"userId":"100006"}
[REQ] 2025-12-11T03:00:08.113Z {"body":{"id":"RL_TEST_20251211110007739","username":"RL_TEST_20251211110007739","email":"RL_TEST_20251211110007739@example.com","role":"STUDENT"},"data":{"id":"RL_TEST_20251211110007739","username":"RL_TEST_20251211110007739","password":"$2b$12$lihYrV7.0t0S.0GoAqgpcuQKMYgRaCC97v8kb5j0F3GTY9DS9LGrW","email":"RL_TEST_20251211110007739@example.com","role":"STUDENT"}}
[OK ] 2025-12-11T03:00:08.129Z {"userId":"RL_TEST_20251211110007739"}
[REQ] 2025-12-11T03:06:21.217Z {"body":{"id":"REDIS_CACHE_20251211110620955","username":"REDIS_CACHE_20251211110620955","email":"REDIS_CACHE_20251211110620955@example.com","role":"STUDENT"},"data":{"id":"REDIS_CACHE_20251211110620955","username":"REDIS_CACHE_20251211110620955","password":"$2b$12$5i68VWV6SQWN/pVhCVP0p.ODSHdEWhKfUUJEWJzbSA/UGKFScSyne","email":"REDIS_CACHE_20251211110620955@example.com","role":"STUDENT"}}
[OK ] 2025-12-11T03:06:21.221Z {"userId":"REDIS_CACHE_20251211110620955"}
[REQ] 2025-12-17T05:05:37.355Z {"body":{"id":"u1765947936759","username":"u1765947936759","email":"u1765947936759@test.com","role":"TEACHER"},"data":{"id":"u1765947936759","username":"u1765947936759","fullName":"u1765947936759","password":"$2b$12$xcZprUBpVQYo.GhVh0WnnuOCSD8CGHaj49I4bBsQvZIq.p46ocJ9u","email":"u1765947936759@test.com","role":"TEACHER"}}
[OK ] 2025-12-17T05:05:37.367Z {"userId":"u1765947936759"}
[REQ] 2025-12-17T05:08:40.577Z {"body":{"id":"u1765948120306","username":"u1765948120306","email":"u1765948120306@test.com","role":"TEACHER"},"data":{"id":"u1765948120306","username":"u1765948120306","fullName":"u1765948120306","password":"$2b$12$eI1u2LCooT/ON9.kPp6IveMDiLoLbJ1rZ/Ko1NTmNhNAmwQuN65p6","email":"u1765948120306@test.com","role":"TEACHER"}}
[OK ] 2025-12-17T05:08:40.580Z {"userId":"u1765948120306"}
[REQ] 2025-12-17T05:16:51.554Z {"body":{"id":"u1765948611266","username":"u1765948611266","email":"u1765948611266@test.com","role":"TEACHER"},"data":{"id":"u1765948611266","username":"u1765948611266","fullName":"u1765948611266","password":"$2b$12$UdavtM0hUKoQNPIxgV/1muL08qjg1/w4Ey/1YVF5kon8Rn0oeiWta","email":"u1765948611266@test.com","role":"TEACHER"}}
[OK ] 2025-12-17T05:16:51.558Z {"userId":"u1765948611266"}
[REQ] 2025-12-17T05:22:51.201Z {"body":{"id":"u1765948970917","username":"u1765948970917","email":"u1765948970917@test.com","role":"TEACHER"},"data":{"id":"u1765948970917","username":"u1765948970917","fullName":"u1765948970917","password":"$2b$12$bDQNoIVzlzcQ6j/39xq4Aum1xI/Imc7TNS2gellJHCnKNTnXOkpcW","email":"u1765948970917@test.com","role":"TEACHER"}}
[OK ] 2025-12-17T05:22:51.208Z {"userId":"u1765948970917"}
[REQ] 2025-12-17T06:15:29.181Z {"body":{"id":"u1765952128833","username":"u1765952128833","email":"u1765952128833@test.com","role":"TEACHER"},"data":{"id":"u1765952128833","username":"u1765952128833","fullName":"u1765952128833","password":"$2b$12$7vJUArMX2ySZFbiNzRl3c.gbNiZyhgUmAsad9Ag5bpONPCRTaCv1K","email":"u1765952128833@test.com","role":"TEACHER"}}
[OK ] 2025-12-17T06:15:29.195Z {"userId":"u1765952128833"}
[REQ] 2025-12-18T02:39:05.739Z {"body":{"id":"u1766025545","username":"u1766025545","email":"u1766025545@test.com","role":"STUDENT"},"data":{"id":"u1766025545","username":"u1766025545","password":"$2b$12$T59TTUxDF1pE3miWZbJyC.mgEW6vzsm.WLXcdQCOqWZXQy8gVxU1i","email":"u1766025545@test.com","role":"STUDENT"}}
[OK ] 2025-12-18T02:39:05.760Z {"userId":"u1766025545"}
[REQ] 2025-12-18T02:50:18.591Z {"body":{"id":"2235051230","username":"Alex","email":"yp15721806402@gmail.com","role":"STUDENT"},"data":{"id":"2235051230","username":"Alex","password":"$2b$12$/NCcgtBzHVNnj3.5pm4/wuKIW8j.KhCKTYl6biKMzC4lfCkCOyck.","email":"yp15721806402@gmail.com","role":"STUDENT"}}
[OK ] 2025-12-18T02:50:18.648Z {"userId":"2235051230"}
